<?xml version="1.0" encoding="UTF-8"?>
<!-- Generated by org.testng.reporters.JUnitReportReporter -->
<testsuite hostname="DESKTOP-IVSGEOD" failures="0" tests="1" name="testRunner.TestRunner" time="26.090" errors="0" timestamp="05 nov. 2019 16:41:17 GMT" skipped="1">
  <testcase classname="testRunner.TestRunner" name="runScenario" time="26.090">
    <skipped/>
  </testcase> <!-- runScenario -->
</testsuite> <!-- testRunner.TestRunner -->
